This file contains any messages produced by compilers while
running configure, to aid debugging if configure makes a mistake.

It was created by main configure 1.0, which was
generated by GNU Autoconf 2.71.  Invocation command line was

  $ ./configure

## --------- ##
## Platform. ##
## --------- ##

hostname = 244sinfall
uname -m = x86_64
uname -r = 6.8.6-200.fc39.x86_64
uname -s = Linux
uname -v = #1 SMP PREEMPT_DYNAMIC Sat Apr 13 15:14:23 UTC 2024

/usr/bin/uname -p = unknown
/bin/uname -X     = unknown

/bin/arch              = x86_64
/usr/bin/arch -k       = unknown
/usr/convex/getsysinfo = unknown
/usr/bin/hostinfo      = unknown
/bin/machine           = unknown
/usr/bin/oslevel       = unknown
/bin/universe          = unknown

PATH: /home/dmitry/.local/bin/
PATH: /home/dmitry/bin/
PATH: /usr/local/bin/
PATH: /usr/local/sbin/
PATH: /usr/bin/
PATH: /usr/sbin/
PATH: /var/lib/snapd/snap/bin/
PATH: /home/dmitry/.dotnet/tools/


## ----------- ##
## Core tests. ##
## ----------- ##

configure:2219: looking for aux files: compile missing install-sh
configure:2232:  trying ./
configure:2261:   ./compile found
configure:2261:   ./missing found
configure:2243:   ./install-sh found
configure:2390: checking for a BSD-compatible install
configure:2463: result: /usr/bin/install -c
configure:2474: checking whether build environment is sane
configure:2529: result: yes
configure:2688: checking for a race-free mkdir -p
configure:2732: result: /usr/bin/mkdir -p
configure:2739: checking for gawk
configure:2760: found /usr/bin/gawk
configure:2771: result: gawk
configure:2782: checking whether make sets $(MAKE)
configure:2805: result: yes
configure:2835: checking whether make supports nested variables
configure:2853: result: yes
configure:3051: checking for gcc
configure:3072: found /usr/bin/gcc
configure:3083: result: gcc
configure:3436: checking for C compiler version
configure:3445: gcc --version >&5
gcc (GCC) 13.2.1 20240316 (Red Hat 13.2.1-7)
Copyright (C) 2023 Free Software Foundation, Inc.
This is free software; see the source for copying conditions.  There is NO
warranty; not even for MERCHANTABILITY or FITNESS FOR A PARTICULAR PURPOSE.

configure:3456: $? = 0
configure:3445: gcc -v >&5
Using built-in specs.
COLLECT_GCC=gcc
COLLECT_LTO_WRAPPER=/usr/libexec/gcc/x86_64-redhat-linux/13/lto-wrapper
OFFLOAD_TARGET_NAMES=nvptx-none
OFFLOAD_TARGET_DEFAULT=1
Target: x86_64-redhat-linux
Configured with: ../configure --enable-bootstrap --enable-languages=c,c++,fortran,objc,obj-c++,ada,go,d,m2,lto --prefix=/usr --mandir=/usr/share/man --infodir=/usr/share/info --with-bugurl=http://bugzilla.redhat.com/bugzilla --enable-shared --enable-threads=posix --enable-checking=release --enable-multilib --with-system-zlib --enable-__cxa_atexit --disable-libunwind-exceptions --enable-gnu-unique-object --enable-linker-build-id --with-gcc-major-version-only --enable-libstdcxx-backtrace --with-libstdcxx-zoneinfo=/usr/share/zoneinfo --with-linker-hash-style=gnu --enable-plugin --enable-initfini-array --with-isl=/builddir/build/BUILD/gcc-13.2.1-20240316/obj-x86_64-redhat-linux/isl-install --enable-offload-targets=nvptx-none --without-cuda-driver --enable-offload-defaulted --enable-gnu-indirect-function --enable-cet --with-tune=generic --with-arch_32=i686 --build=x86_64-redhat-linux --with-build-config=bootstrap-lto --enable-link-serialization=1
Thread model: posix
Supported LTO compression algorithms: zlib zstd
gcc version 13.2.1 20240316 (Red Hat 13.2.1-7) (GCC) 
... rest of stderr output deleted ...
configure:3456: $? = 0
configure:3445: gcc -V >&5
gcc: error: unrecognized command-line option '-V'
gcc: fatal error: no input files
compilation terminated.
configure:3456: $? = 1
configure:3445: gcc -qversion >&5
gcc: error: unrecognized command-line option '-qversion'; did you mean '--version'?
gcc: fatal error: no input files
compilation terminated.
configure:3456: $? = 1
configure:3445: gcc -version >&5
gcc: error: unrecognized command-line option '-version'
gcc: fatal error: no input files
compilation terminated.
configure:3456: $? = 1
configure:3476: checking whether the C compiler works
configure:3498: gcc    conftest.c  >&5
configure:3502: $? = 0
configure:3552: result: yes
configure:3555: checking for C compiler default output file name
configure:3557: result: a.out
configure:3563: checking for suffix of executables
configure:3570: gcc -o conftest    conftest.c  >&5
configure:3574: $? = 0
configure:3597: result: 
configure:3619: checking whether we are cross compiling
configure:3627: gcc -o conftest    conftest.c  >&5
configure:3631: $? = 0
configure:3638: ./conftest
configure:3642: $? = 0
configure:3657: result: no
configure:3662: checking for suffix of object files
configure:3685: gcc -c   conftest.c >&5
configure:3689: $? = 0
configure:3711: result: o
configure:3715: checking whether the compiler supports GNU C
configure:3735: gcc -c   conftest.c >&5
configure:3735: $? = 0
configure:3745: result: yes
configure:3756: checking whether gcc accepts -g
configure:3777: gcc -c -g  conftest.c >&5
configure:3777: $? = 0
configure:3821: result: yes
configure:3841: checking for gcc option to enable C11 features
configure:3856: gcc  -c -g -O2  conftest.c >&5
configure:3856: $? = 0
configure:3874: result: none needed
configure:3990: checking whether gcc understands -c and -o together
configure:4013: gcc -c conftest.c -o conftest2.o
configure:4016: $? = 0
configure:4013: gcc -c conftest.c -o conftest2.o
configure:4016: $? = 0
configure:4028: result: yes
configure:4048: checking whether make supports the include directive
configure:4063: make -f confmf.GNU && cat confinc.out
this is the am__doit target
configure:4066: $? = 0
configure:4085: result: yes (GNU style)
configure:4111: checking dependency style of gcc
configure:4223: result: gcc3
configure:4286: checking for ranlib
configure:4307: found /usr/bin/ranlib
configure:4318: result: ranlib
configure:4343: checking for CU_initialize_registry in -lcunit
configure:4366: gcc -o conftest -g -O2   conftest.c -lcunit   >&5
configure:4366: $? = 0
configure:4376: result: yes
configure:4392: checking for stdio.h
configure:4392: gcc -c -g -O2  conftest.c >&5
configure:4392: $? = 0
configure:4392: result: yes
configure:4392: checking for stdlib.h
configure:4392: gcc -c -g -O2  conftest.c >&5
configure:4392: $? = 0
configure:4392: result: yes
configure:4392: checking for string.h
configure:4392: gcc -c -g -O2  conftest.c >&5
configure:4392: $? = 0
configure:4392: result: yes
configure:4392: checking for inttypes.h
configure:4392: gcc -c -g -O2  conftest.c >&5
configure:4392: $? = 0
configure:4392: result: yes
configure:4392: checking for stdint.h
configure:4392: gcc -c -g -O2  conftest.c >&5
configure:4392: $? = 0
configure:4392: result: yes
configure:4392: checking for strings.h
configure:4392: gcc -c -g -O2  conftest.c >&5
configure:4392: $? = 0
configure:4392: result: yes
configure:4392: checking for sys/stat.h
configure:4392: gcc -c -g -O2  conftest.c >&5
configure:4392: $? = 0
configure:4392: result: yes
configure:4392: checking for sys/types.h
configure:4392: gcc -c -g -O2  conftest.c >&5
configure:4392: $? = 0
configure:4392: result: yes
configure:4392: checking for unistd.h
configure:4392: gcc -c -g -O2  conftest.c >&5
configure:4392: $? = 0
configure:4392: result: yes
configure:4417: checking for stdio.h
configure:4417: result: yes
configure:4424: checking for CUnit/Basic.h
configure:4424: gcc -c -g -O2  conftest.c >&5
configure:4424: $? = 0
configure:4424: result: yes
configure:4575: checking that generated files are newer than configure
configure:4581: result: done
configure:4604: creating ./config.status

## ---------------------- ##
## Running config.status. ##
## ---------------------- ##

This file was extended by main config.status 1.0, which was
generated by GNU Autoconf 2.71.  Invocation command line was

  CONFIG_FILES    = 
  CONFIG_HEADERS  = 
  CONFIG_LINKS    = 
  CONFIG_COMMANDS = 
  $ ./config.status 

on 244sinfall

config.status:772: creating Makefile
config.status:944: executing depfiles commands
config.status:1021: cd .       && sed -e '/# am--include-marker/d' Makefile         | make -f - am--depfiles
make: Nothing to be done for 'am--depfiles'.
config.status:1026: $? = 0

## ---------------- ##
## Cache variables. ##
## ---------------- ##

ac_cv_c_compiler_gnu=yes
ac_cv_env_CC_set=
ac_cv_env_CC_value=
ac_cv_env_CFLAGS_set=
ac_cv_env_CFLAGS_value=
ac_cv_env_CPPFLAGS_set=
ac_cv_env_CPPFLAGS_value=
ac_cv_env_LDFLAGS_set=
ac_cv_env_LDFLAGS_value=
ac_cv_env_LIBS_set=
ac_cv_env_LIBS_value=
ac_cv_env_build_alias_set=
ac_cv_env_build_alias_value=
ac_cv_env_host_alias_set=
ac_cv_env_host_alias_value=
ac_cv_env_target_alias_set=
ac_cv_env_target_alias_value=
ac_cv_header_CUnit_Basic_h=yes
ac_cv_header_inttypes_h=yes
ac_cv_header_stdint_h=yes
ac_cv_header_stdio_h=yes
ac_cv_header_stdlib_h=yes
ac_cv_header_string_h=yes
ac_cv_header_strings_h=yes
ac_cv_header_sys_stat_h=yes
ac_cv_header_sys_types_h=yes
ac_cv_header_unistd_h=yes
ac_cv_lib_cunit_CU_initialize_registry=yes
ac_cv_objext=o
ac_cv_path_install='/usr/bin/install -c'
ac_cv_path_mkdir=/usr/bin/mkdir
ac_cv_prog_AWK=gawk
ac_cv_prog_ac_ct_CC=gcc
ac_cv_prog_ac_ct_RANLIB=ranlib
ac_cv_prog_cc_c11=
ac_cv_prog_cc_g=yes
ac_cv_prog_cc_stdc=
ac_cv_prog_make_make_set=yes
am_cv_CC_dependencies_compiler_type=gcc3
am_cv_make_support_nested_variables=yes
am_cv_prog_cc_c_o=yes

## ----------------- ##
## Output variables. ##
## ----------------- ##

ACLOCAL='${SHELL} '\''/home/dmitry/Development/Study/sysprog/4/missing'\'' aclocal-1.16'
AMDEPBACKSLASH='\'
AMDEP_FALSE='#'
AMDEP_TRUE=''
AMTAR='$${TAR-tar}'
AM_BACKSLASH='\'
AM_DEFAULT_V='$(AM_DEFAULT_VERBOSITY)'
AM_DEFAULT_VERBOSITY='1'
AM_V='$(V)'
AUTOCONF='${SHELL} '\''/home/dmitry/Development/Study/sysprog/4/missing'\'' autoconf'
AUTOHEADER='${SHELL} '\''/home/dmitry/Development/Study/sysprog/4/missing'\'' autoheader'
AUTOMAKE='${SHELL} '\''/home/dmitry/Development/Study/sysprog/4/missing'\'' automake-1.16'
AWK='gawk'
CC='gcc'
CCDEPMODE='depmode=gcc3'
CFLAGS='-g -O2'
CPPFLAGS=''
CSCOPE='cscope'
CTAGS='ctags'
CYGPATH_W='echo'
DEFS='-DPACKAGE_NAME=\"main\" -DPACKAGE_TARNAME=\"main\" -DPACKAGE_VERSION=\"1.0\" -DPACKAGE_STRING=\"main\ 1.0\" -DPACKAGE_BUGREPORT=\"dimafilin6@icloud.com\" -DPACKAGE_URL=\"\" -DPACKAGE=\"main\" -DVERSION=\"1.0\" -DHAVE_LIBCUNIT=1 -DHAVE_STDIO_H=1 -DHAVE_STDLIB_H=1 -DHAVE_STRING_H=1 -DHAVE_INTTYPES_H=1 -DHAVE_STDINT_H=1 -DHAVE_STRINGS_H=1 -DHAVE_SYS_STAT_H=1 -DHAVE_SYS_TYPES_H=1 -DHAVE_UNISTD_H=1 -DSTDC_HEADERS=1 -DHAVE_STDIO_H=1 -DHAVE_CUNIT_BASIC_H=1'
DEPDIR='.deps'
ECHO_C=''
ECHO_N='-n'
ECHO_T=''
ETAGS='etags'
EXEEXT=''
INSTALL_DATA='${INSTALL} -m 644'
INSTALL_PROGRAM='${INSTALL}'
INSTALL_SCRIPT='${INSTALL}'
INSTALL_STRIP_PROGRAM='$(install_sh) -c -s'
LDFLAGS=''
LIBOBJS=''
LIBS='-lcunit '
LTLIBOBJS=''
MAKEINFO='${SHELL} '\''/home/dmitry/Development/Study/sysprog/4/missing'\'' makeinfo'
MKDIR_P='/usr/bin/mkdir -p'
OBJEXT='o'
PACKAGE='main'
PACKAGE_BUGREPORT='dimafilin6@icloud.com'
PACKAGE_NAME='main'
PACKAGE_STRING='main 1.0'
PACKAGE_TARNAME='main'
PACKAGE_URL=''
PACKAGE_VERSION='1.0'
PATH_SEPARATOR=':'
RANLIB='ranlib'
SET_MAKE=''
SHELL='/bin/sh'
STRIP=''
VERSION='1.0'
ac_ct_CC='gcc'
am__EXEEXT_FALSE=''
am__EXEEXT_TRUE='#'
am__fastdepCC_FALSE='#'
am__fastdepCC_TRUE=''
am__include='include'
am__isrc=''
am__leading_dot='.'
am__nodep='_no'
am__quote=''
am__tar='$${TAR-tar} chof - "$$tardir"'
am__untar='$${TAR-tar} xf -'
bindir='${exec_prefix}/bin'
build_alias=''
datadir='${datarootdir}'
datarootdir='${prefix}/share'
docdir='${datarootdir}/doc/${PACKAGE_TARNAME}'
dvidir='${docdir}'
exec_prefix='${prefix}'
host_alias=''
htmldir='${docdir}'
includedir='${prefix}/include'
infodir='${datarootdir}/info'
install_sh='${SHELL} /home/dmitry/Development/Study/sysprog/4/install-sh'
libdir='${exec_prefix}/lib'
libexecdir='${exec_prefix}/libexec'
localedir='${datarootdir}/locale'
localstatedir='${prefix}/var'
mandir='${datarootdir}/man'
mkdir_p='$(MKDIR_P)'
oldincludedir='/usr/include'
pdfdir='${docdir}'
prefix='/usr/local'
program_transform_name='s,x,x,'
psdir='${docdir}'
runstatedir='${localstatedir}/run'
sbindir='${exec_prefix}/sbin'
sharedstatedir='${prefix}/com'
sysconfdir='${prefix}/etc'
target_alias=''

## ----------- ##
## confdefs.h. ##
## ----------- ##

/* confdefs.h */
#define PACKAGE_NAME "main"
#define PACKAGE_TARNAME "main"
#define PACKAGE_VERSION "1.0"
#define PACKAGE_STRING "main 1.0"
#define PACKAGE_BUGREPORT "dimafilin6@icloud.com"
#define PACKAGE_URL ""
#define PACKAGE "main"
#define VERSION "1.0"
#define HAVE_LIBCUNIT 1
#define HAVE_STDIO_H 1
#define HAVE_STDLIB_H 1
#define HAVE_STRING_H 1
#define HAVE_INTTYPES_H 1
#define HAVE_STDINT_H 1
#define HAVE_STRINGS_H 1
#define HAVE_SYS_STAT_H 1
#define HAVE_SYS_TYPES_H 1
#define HAVE_UNISTD_H 1
#define STDC_HEADERS 1
#define HAVE_STDIO_H 1
#define HAVE_CUNIT_BASIC_H 1

configure: exit 0
